Arguments: 
  /usr/local/Cellar/node/10.8.0/bin/node /usr/local/Cellar/yarn/1.9.4/libexec/bin/yarn.js init

PATH: 
  /usr/local/Cellar/ruby/1.9.3-p194/bin:/Users/yuda/.fastlane/bin:/Library/Frameworks/Python.framework/Versions/3.6/bin:/usr/local/opt/python/libexec/bin:/usr/local/Cellar/postgresql/bin:~/flutter/bin:/usr/local/bin:/usr/bin:/bin:/usr/sbin:/sbin:/Users/yuda/Library/Android/sdk/tools:/Users/yuda/Library/Android/sdk/platform-tools:/Users/yuda/go/bin:/usr/local/opt/go/libexec/bin

Yarn version: 
  1.9.4

Node version: 
  10.8.0

Platform: 
  darwin x64

Trace: 
  Error: canceled
      at Interface.<anonymous> (/usr/local/Cellar/yarn/1.9.4/libexec/lib/cli.js:126002:13)
      at Interface.emit (events.js:182:13)
      at Interface._ttyWrite (readline.js:783:16)
      at ReadStream.onkeypress (readline.js:168:10)
      at ReadStream.emit (events.js:182:13)
      at emitKeys (internal/readline.js:422:14)
      at emitKeys.next (<anonymous>)
      at ReadStream.onData (readline.js:1022:36)
      at ReadStream.emit (events.js:182:13)
      at addChunk (_stream_readable.js:283:12)

npm manifest: 
  No manifest

yarn manifest: 
  No manifest

Lockfile: 
  No lockfile
